<?xml version="1.0" ?>
<coverage version="7.8.0" timestamp="1776586808170" lines-valid="3509" lines-covered="2197" line-rate="0.6261" branches-valid="1150" branches-covered="469" branch-rate="0.4078" complexity="0">
	<!-- Generated by coverage.py: https://coverage.readthedocs.io/en/7.8.0 -->
	<!-- Based on https://raw.githubusercontent.com/cobertura/web/master/htdocs/xml/coverage-04.dtd -->
	<sources>
		<source>C:\Users\Aspire5 15 i7 4G2050\flight-test-interactive-analysis-suite</source>
	</sources>
	<packages>
		<package name="backend.app" line-rate="0.8617" branch-rate="0.4565" complexity="0">
			<classes>
				<class name="__init__.py" filename="backend/app/__init__.py" complexity="0" line-rate="1" branch-rate="1">
					<methods/>
					<lines/>
				</class>
				<class name="analysis_modes.py" filename="backend/app/analysis_modes.py" complexity="0" line-rate="0.8919" branch-rate="0.6667">
					<methods/>
					<lines>
						<line number="10" hits="1"/>
						<line number="12" hits="1"/>
						<line number="13" hits="1"/>
						<line number="15" hits="1"/>
						<line number="22" hits="1"/>
						<line number="23" hits="1"/>
						<line number="24" hits="1"/>
						<line number="25" hits="1"/>
						<line number="26" hits="1"/>
						<line number="27" hits="1"/>
						<line number="28" hits="1"/>
						<line number="31" hits="1"/>
						<line number="90" hits="1"/>
						<line number="91" hits="1"/>
						<line number="94" hits="1"/>
						<line number="95" hits="1" branch="true" condition-coverage="50% (1/2)" missing-branches="96"/>
						<line number="96" hits="0"/>
						<line number="97" hits="1"/>
						<line number="100" hits="1"/>
						<line number="101" hits="1" branch="true" condition-coverage="100% (2/2)"/>
						<line number="102" hits="1"/>
						<line number="103" hits="1" branch="true" condition-coverage="100% (2/2)"/>
						<line number="104" hits="1"/>
						<line number="105" hits="1"/>
						<line number="106" hits="1" branch="true" condition-coverage="50% (1/2)" missing-branches="108"/>
						<line number="108" hits="0"/>
						<line number="109" hits="1"/>
						<line number="112" hits="1"/>
						<line number="113" hits="1"/>
						<line number="114" hits="1" branch="true" condition-coverage="50% (1/2)" missing-branches="115"/>
						<line number="115" hits="0"/>
						<line number="116" hits="1"/>
						<line number="119" hits="1"/>
						<line number="120" hits="1"/>
						<line number="121" hits="1" branch="true" condition-coverage="50% (1/2)" missing-branches="122"/>
						<line number="122" hits="0"/>
						<line number="123" hits="1"/>
					</lines>
				</class>
				<class name="auth.py" filename="backend/app/auth.py" complexity="0" line-rate="0.7971" branch-rate="0.4444">
					<methods/>
					<lines>
						<line number="6" hits="1"/>
						<line number="7" hits="1"/>
						<line number="8" hits="1"/>
						<line number="10" hits="1"/>
						<line number="11" hits="1"/>
						<line number="12" hits="1"/>
						<line number="13" hits="1"/>
						<line number="14" hits="1"/>
						<line number="16" hits="1"/>
						<line number="17" hits="1"/>
						<line number="18" hits="1"/>
						<line number="21" hits="1"/>
						<line number="24" hits="1"/>
						<line number="27" hits="1"/>
						<line number="29" hits="1"/>
						<line number="32" hits="1"/>
						<line number="34" hits="1"/>
						<line number="37" hits="1"/>
						<line number="44" hits="1"/>
						<line number="45" hits="1"/>
						<line number="52" hits="1" branch="true" condition-coverage="50% (1/2)" missing-branches="55"/>
						<line number="53" hits="1"/>
						<line number="55" hits="0"/>
						<line number="58" hits="1"/>
						<line number="59" hits="1"/>
						<line number="62" hits="1"/>
						<line number="65" hits="1"/>
						<line number="69" hits="1"/>
						<line number="76" hits="1"/>
						<line number="80" hits="1" branch="true" condition-coverage="50% (1/2)" missing-branches="82"/>
						<line number="81" hits="1"/>
						<line number="82" hits="1"/>
						<line number="89" hits="1"/>
						<line number="91" hits="1"/>
						<line number="92" hits="1"/>
						<line number="95" hits="1"/>
						<line number="96" hits="0"/>
						<line number="97" hits="0"/>
						<line number="100" hits="1"/>
						<line number="102" hits="1"/>
						<line number="103" hits="1" branch="true" condition-coverage="50% (1/2)" missing-branches="104"/>
						<line number="104" hits="0"/>
						<line number="105" hits="1" branch="true" condition-coverage="50% (1/2)" missing-branches="106"/>
						<line number="106" hits="0"/>
						<line number="107" hits="1"/>
						<line number="110" hits="1"/>
						<line number="114" hits="1"/>
						<line number="120" hits="1"/>
						<line number="121" hits="1" branch="true" condition-coverage="50% (1/2)" missing-branches="122"/>
						<line number="122" hits="0"/>
						<line number="124" hits="1"/>
						<line number="125" hits="1" branch="true" condition-coverage="50% (1/2)" missing-branches="126"/>
						<line number="126" hits="0"/>
						<line number="127" hits="1"/>
						<line number="128" hits="1"/>
						<line number="129" hits="0"/>
						<line number="130" hits="0"/>
						<line number="132" hits="1"/>
						<line number="133" hits="1" branch="true" condition-coverage="50% (1/2)" missing-branches="134"/>
						<line number="134" hits="0"/>
						<line number="136" hits="1"/>
						<line number="139" hits="1"/>
						<line number="143" hits="0" branch="true" condition-coverage="0% (0/2)" missing-branches="144,145"/>
						<line number="144" hits="0"/>
						<line number="145" hits="0"/>
						<line number="148" hits="1"/>
						<line number="152" hits="1" branch="true" condition-coverage="50% (1/2)" missing-branches="153"/>
						<line number="153" hits="0"/>
						<line number="156" hits="1"/>
					</lines>
				</class>
				<class name="capabilities.py" filename="backend/app/capabilities.py" complexity="0" line-rate="0.913" branch-rate="0.7">
					<methods/>
					<lines>
						<line number="12" hits="1"/>
						<line number="14" hits="1"/>
						<line number="15" hits="1"/>
						<line number="16" hits="1"/>
						<line number="19" hits="1"/>
						<line number="20" hits="1"/>
						<line number="21" hits="1"/>
						<line number="22" hits="1"/>
						<line number="23" hits="1"/>
						<line number="26" hits="1"/>
						<line number="27" hits="1"/>
						<line number="28" hits="1"/>
						<line number="29" hits="1"/>
						<line number="30" hits="1"/>
						<line number="33" hits="1"/>
						<line number="34" hits="1"/>
						<line number="35" hits="1"/>
						<line number="36" hits="1"/>
						<line number="37" hits="1"/>
						<line number="38" hits="1"/>
						<line number="41" hits="1"/>
						<line number="42" hits="1"/>
						<line number="43" hits="1"/>
						<line number="44" hits="1"/>
						<line number="45" hits="1"/>
						<line number="46" hits="1"/>
						<line number="49" hits="1"/>
						<line number="50" hits="1"/>
						<line number="51" hits="1"/>
						<line number="52" hits="1"/>
						<line number="53" hits="1"/>
						<line number="54" hits="1"/>
						<line number="55" hits="1"/>
						<line number="58" hits="1"/>
						<line number="59" hits="1"/>
						<line number="60" hits="1"/>
						<line number="61" hits="1"/>
						<line number="62" hits="1"/>
						<line number="63" hits="1"/>
						<line number="64" hits="1"/>
						<line number="65" hits="1"/>
						<line number="66" hits="1"/>
						<line number="69" hits="1"/>
						<line number="70" hits="1"/>
						<line number="71" hits="1"/>
						<line number="72" hits="1"/>
						<line number="73" hits="1"/>
						<line number="74" hits="1"/>
						<line number="75" hits="1"/>
						<line number="76" hits="1"/>
						<line number="77" hits="1"/>
						<line number="78" hits="1"/>
						<line number="79" hits="1"/>
						<line number="80" hits="1"/>
						<line number="83" hits="1"/>
						<line number="84" hits="1"/>
						<line number="85" hits="1"/>
						<line number="86" hits="1"/>
						<line number="87" hits="1"/>
						<line number="88" hits="1"/>
						<line number="89" hits="1"/>
						<line number="90" hits="1"/>
						<line number="91" hits="1"/>
						<line number="92" hits="1"/>
						<line number="93" hits="1"/>
						<line number="94" hits="1"/>
						<line number="97" hits="1"/>
						<line number="98" hits="1"/>
						<line number="140" hits="1"/>
						<line number="453" hits="1"/>
						<line number="456" hits="1"/>
						<line number="457" hits="0"/>
						<line number="460" hits="1"/>
						<line number="461" hits="1"/>
						<line number="464" hits="1"/>
						<line number="465" hits="1"/>
						<line number="466" hits="1" branch="true" condition-coverage="50% (1/2)" missing-branches="467"/>
						<line number="467" hits="0"/>
						<line number="468" hits="1" branch="true" condition-coverage="100% (2/2)"/>
						<line number="469" hits="1"/>
						<line number="470" hits="1" branch="true" condition-coverage="100% (2/2)"/>
						<line number="471" hits="1"/>
						<line number="472" hits="1" branch="true" condition-coverage="100% (2/2)"/>
						<line number="473" hits="1"/>
						<line number="474" hits="1" branch="true" condition-coverage="50% (1/2)" missing-branches="475"/>
						<line number="475" hits="0"/>
						<line number="476" hits="1"/>
						<line number="479" hits="1"/>
						<line number="480" hits="1" branch="true" condition-coverage="50% (1/2)" missing-branches="481"/>
						<line number="481" hits="0"/>
						<line number="482" hits="1"/>
						<line number="485" hits="1"/>
						<line number="497" hits="1"/>
						<line number="498" hits="1" branch="true" condition-coverage="100% (2/2)"/>
						<line number="499" hits="1"/>
						<line number="514" hits="1"/>
						<line number="515" hits="1"/>
						<line number="519" hits="1" branch="true" condition-coverage="50% (1/2)" missing-branches="523"/>
						<line number="523" hits="0"/>
						<line number="539" hits="1" branch="true" condition-coverage="50% (1/2)" missing-branches="540"/>
						<line number="540" hits="0" branch="true" condition-coverage="0% (0/2)" missing-branches="541,555"/>
						<line number="541" hits="0"/>
						<line number="555" hits="0"/>
						<line number="568" hits="1" branch="true" condition-coverage="100% (2/2)"/>
						<line number="569" hits="1"/>
						<line number="585" hits="1" branch="true" condition-coverage="50% (1/2)" missing-branches="586"/>
						<line number="586" hits="0"/>
						<line number="601" hits="1" branch="true" condition-coverage="50% (1/2)" missing-branches="602"/>
						<line number="602" hits="0"/>
						<line number="617" hits="1" branch="true" condition-coverage="100% (2/2)"/>
						<line number="618" hits="1"/>
						<line number="635" hits="1"/>
						<line number="636" hits="1" branch="true" condition-coverage="100% (2/2)"/>
						<line number="640" hits="1"/>
						<line number="641" hits="1"/>
					</lines>
				</class>
				<class name="config.py" filename="backend/app/config.py" complexity="0" line-rate="0.8723" branch-rate="0.4">
					<methods/>
					<lines>
						<line number="6" hits="1"/>
						<line number="7" hits="1"/>
						<line number="9" hits="1"/>
						<line number="10" hits="1"/>
						<line number="13" hits="1"/>
						<line number="14" hits="1"/>
						<line number="17" hits="1"/>
						<line number="20" hits="1"/>
						<line number="36" hits="1"/>
						<line number="37" hits="1"/>
						<line number="40" hits="1"/>
						<line number="41" hits="1"/>
						<line number="42" hits="1"/>
						<line number="43" hits="1"/>
						<line number="44" hits="1"/>
						<line number="45" hits="1"/>
						<line number="47" hits="1"/>
						<line number="48" hits="1"/>
						<line number="53" hits="1" branch="true" condition-coverage="50% (1/2)" missing-branches="54"/>
						<line number="54" hits="0"/>
						<line number="55" hits="1"/>
						<line number="62" hits="1"/>
						<line number="63" hits="1"/>
						<line number="64" hits="1"/>
						<line number="65" hits="1"/>
						<line number="66" hits="1"/>
						<line number="68" hits="1"/>
						<line number="69" hits="1"/>
						<line number="71" hits="0"/>
						<line number="74" hits="1"/>
						<line number="78" hits="1"/>
						<line number="79" hits="1"/>
						<line number="80" hits="1"/>
						<line number="82" hits="1" branch="true" condition-coverage="50% (1/2)" missing-branches="84"/>
						<line number="83" hits="1"/>
						<line number="84" hits="0"/>
						<line number="86" hits="1"/>
						<line number="87" hits="1"/>
						<line number="88" hits="1"/>
						<line number="90" hits="1" branch="true" condition-coverage="50% (1/2)" missing-branches="96"/>
						<line number="91" hits="1"/>
						<line number="92" hits="1" branch="true" condition-coverage="50% (1/2)" missing-branches="94"/>
						<line number="93" hits="1"/>
						<line number="94" hits="0" branch="true" condition-coverage="0% (0/2)" missing-branches="95,96"/>
						<line number="95" hits="0"/>
						<line number="96" hits="0"/>
						<line number="100" hits="1"/>
					</lines>
				</class>
				<class name="database.py" filename="backend/app/database.py" complexity="0" line-rate="0.6667" branch-rate="1">
					<methods/>
					<lines>
						<line number="6" hits="1"/>
						<line number="7" hits="1"/>
						<line number="8" hits="1"/>
						<line number="10" hits="1"/>
						<line number="13" hits="1"/>
						<line number="22" hits="1"/>
						<line number="25" hits="1"/>
						<line number="28" hits="1"/>
						<line number="35" hits="0"/>
						<line number="36" hits="0"/>
						<line number="37" hits="0"/>
						<line number="39" hits="0"/>
					</lines>
				</class>
				<class name="main.py" filename="backend/app/main.py" complexity="0" line-rate="0.6" branch-rate="0.1667">
					<methods/>
					<lines>
						<line number="6" hits="1"/>
						<line number="7" hits="1"/>
						<line number="8" hits="1"/>
						<line number="10" hits="1"/>
						<line number="11" hits="1"/>
						<line number="12" hits="1"/>
						<line number="14" hits="1"/>
						<line number="15" hits="1"/>
						<line number="16" hits="1"/>
						<line number="19" hits="1"/>
						<line number="28" hits="1"/>
						<line number="29" hits="1"/>
						<line number="33" hits="1" branch="true" condition-coverage="50% (1/2)" missing-branches="34"/>
						<line number="34" hits="0"/>
						<line number="35" hits="0"/>
						<line number="36" hits="0"/>
						<line number="37" hits="0"/>
						<line number="38" hits="0"/>
						<line number="39" hits="0"/>
						<line number="40" hits="0"/>
						<line number="41" hits="0"/>
						<line number="42" hits="0"/>
						<line number="43" hits="0"/>
						<line number="44" hits="0" branch="true" condition-coverage="0% (0/2)" missing-branches="45,50"/>
						<line number="45" hits="0"/>
						<line number="50" hits="0" branch="true" condition-coverage="0% (0/2)" missing-branches="51,58"/>
						<line number="51" hits="0"/>
						<line number="57" hits="0"/>
						<line number="58" hits="0"/>
						<line number="59" hits="0"/>
						<line number="60" hits="1"/>
						<line number="64" hits="1"/>
						<line number="73" hits="1"/>
						<line number="74" hits="1"/>
						<line number="77" hits="1"/>
						<line number="78" hits="1"/>
						<line number="83" hits="1"/>
						<line number="86" hits="1"/>
						<line number="89" hits="1"/>
						<line number="94" hits="1"/>
						<line number="95" hits="1"/>
						<line number="97" hits="0"/>
						<line number="108" hits="1"/>
						<line number="109" hits="1"/>
						<line number="111" hits="1"/>
					</lines>
				</class>
				<class name="models.py" filename="backend/app/models.py" complexity="0" line-rate="0.929" branch-rate="1">
					<methods/>
					<lines>
						<line number="6" hits="1"/>
						<line number="7" hits="1"/>
						<line number="8" hits="1"/>
						<line number="9" hits="0"/>
						<line number="12" hits="0"/>
						<line number="13" hits="0"/>
						<line number="14" hits="1"/>
						<line number="24" hits="1"/>
						<line number="25" hits="1"/>
						<line number="27" hits="1"/>
						<line number="30" hits="1"/>
						<line number="33" hits="1"/>
						<line number="35" hits="1"/>
						<line number="36" hits="1"/>
						<line number="37" hits="1"/>
						<line number="38" hits="1"/>
						<line number="39" hits="1"/>
						<line number="40" hits="1"/>
						<line number="41" hits="1"/>
						<line number="42" hits="1"/>
						<line number="43" hits="1"/>
						<line number="45" hits="1"/>
						<line number="46" hits="0"/>
						<line number="52" hits="1"/>
						<line number="55" hits="1"/>
						<line number="57" hits="1"/>
						<line number="58" hits="1"/>
						<line number="59" hits="1"/>
						<line number="60" hits="1"/>
						<line number="61" hits="1"/>
						<line number="62" hits="1"/>
						<line number="63" hits="1"/>
						<line number="69" hits="1"/>
						<line number="70" hits="1"/>
						<line number="71" hits="1"/>
						<line number="74" hits="1"/>
						<line number="75" hits="1"/>
						<line number="80" hits="1"/>
						<line number="85" hits="1"/>
						<line number="92" hits="1"/>
						<line number="97" hits="1"/>
						<line number="103" hits="1"/>
						<line number="104" hits="0"/>
						<line number="110" hits="1"/>
						<line number="113" hits="1"/>
						<line number="115" hits="1"/>
						<line number="116" hits="1"/>
						<line number="117" hits="1"/>
						<line number="118" hits="1"/>
						<line number="119" hits="1"/>
						<line number="120" hits="1"/>
						<line number="121" hits="1"/>
						<line number="122" hits="1"/>
						<line number="123" hits="1"/>
						<line number="124" hits="1"/>
						<line number="127" hits="1"/>
						<line number="129" hits="1"/>
						<line number="130" hits="0"/>
						<line number="136" hits="1"/>
						<line number="139" hits="1"/>
						<line number="141" hits="1"/>
						<line number="142" hits="1"/>
						<line number="148" hits="1"/>
						<line number="149" hits="1"/>
						<line number="150" hits="1"/>
						<line number="151" hits="1"/>
						<line number="157" hits="1"/>
						<line number="158" hits="1"/>
						<line number="159" hits="1"/>
						<line number="160" hits="1"/>
						<line number="161" hits="1"/>
						<line number="162" hits="1"/>
						<line number="163" hits="1"/>
						<line number="166" hits="1"/>
						<line number="167" hits="1"/>
						<line number="168" hits="1"/>
						<line number="173" hits="1"/>
						<line number="179" hits="1"/>
						<line number="180" hits="0"/>
						<line number="186" hits="1"/>
						<line number="189" hits="1"/>
						<line number="191" hits="1"/>
						<line number="192" hits="1"/>
						<line number="198" hits="1"/>
						<line number="204" hits="1"/>
						<line number="210" hits="1"/>
						<line number="213" hits="1"/>
						<line number="214" hits="1"/>
						<line number="217" hits="1"/>
						<line number="218" hits="1"/>
						<line number="219" hits="1"/>
						<line number="221" hits="1"/>
						<line number="222" hits="0"/>
						<line number="230" hits="1"/>
						<line number="236" hits="1"/>
						<line number="238" hits="1"/>
						<line number="239" hits="1"/>
						<line number="240" hits="1"/>
						<line number="241" hits="1"/>
						<line number="242" hits="1"/>
						<line number="243" hits="1"/>
						<line number="244" hits="1"/>
						<line number="245" hits="1"/>
						<line number="246" hits="1"/>
						<line number="247" hits="1"/>
						<line number="248" hits="1"/>
						<line number="249" hits="1"/>
						<line number="250" hits="1"/>
						<line number="253" hits="1"/>
						<line number="254" hits="1"/>
						<line number="260" hits="1"/>
						<line number="261" hits="0"/>
						<line number="267" hits="1"/>
						<line number="273" hits="1"/>
						<line number="275" hits="1"/>
						<line number="276" hits="1"/>
						<line number="279" hits="1"/>
						<line number="280" hits="1"/>
						<line number="281" hits="1"/>
						<line number="282" hits="1"/>
						<line number="283" hits="1"/>
						<line number="284" hits="1"/>
						<line number="287" hits="1"/>
						<line number="289" hits="1"/>
						<line number="290" hits="0"/>
						<line number="296" hits="1"/>
						<line number="299" hits="1"/>
						<line number="301" hits="1"/>
						<line number="302" hits="1"/>
						<line number="308" hits="1"/>
						<line number="309" hits="1"/>
						<line number="315" hits="1"/>
						<line number="316" hits="1"/>
						<line number="317" hits="1"/>
						<line number="318" hits="1"/>
						<line number="319" hits="1"/>
						<line number="320" hits="1"/>
						<line number="321" hits="1"/>
						<line number="322" hits="1"/>
						<line number="323" hits="1"/>
						<line number="324" hits="1"/>
						<line number="325" hits="1"/>
						<line number="326" hits="1"/>
						<line number="329" hits="1"/>
						<line number="330" hits="1"/>
						<line number="331" hits="1"/>
						<line number="333" hits="1"/>
						<line number="334" hits="0"/>
						<line number="340" hits="1"/>
						<line number="343" hits="1"/>
						<line number="345" hits="1"/>
						<line number="346" hits="1"/>
						<line number="352" hits="1"/>
						<line number="353" hits="1"/>
						<line number="354" hits="1"/>
						<line number="355" hits="1"/>
						<line number="356" hits="1"/>
						<line number="357" hits="1"/>
						<line number="358" hits="1"/>
						<line number="359" hits="1"/>
						<line number="360" hits="1"/>
						<line number="363" hits="1"/>
						<line number="368" hits="1"/>
						<line number="369" hits="1"/>
						<line number="370" hits="1"/>
						<line number="375" hits="1"/>
						<line number="380" hits="1"/>
						<line number="382" hits="1"/>
						<line number="383" hits="0"/>
					</lines>
				</class>
				<class name="schemas.py" filename="backend/app/schemas.py" complexity="0" line-rate="0.8596" branch-rate="0">
					<methods/>
					<lines>
						<line number="6" hits="1"/>
						<line number="7" hits="1"/>
						<line number="9" hits="1"/>
						<line number="12" hits="1"/>
						<line number="15" hits="1"/>
						<line number="16" hits="1"/>
						<line number="17" hits="1"/>
						<line number="20" hits="1"/>
						<line number="23" hits="1"/>
						<line number="26" hits="1"/>
						<line number="29" hits="1"/>
						<line number="30" hits="1"/>
						<line number="31" hits="1"/>
						<line number="32" hits="1"/>
						<line number="35" hits="1"/>
						<line number="38" hits="1"/>
						<line number="39" hits="1"/>
						<line number="40" hits="1"/>
						<line number="41" hits="1"/>
						<line number="42" hits="1"/>
						<line number="44" hits="1"/>
						<line number="45" hits="1"/>
						<line number="48" hits="1"/>
						<line number="51" hits="1"/>
						<line number="52" hits="1"/>
						<line number="53" hits="1"/>
						<line number="59" hits="1"/>
						<line number="62" hits="1"/>
						<line number="63" hits="1"/>
						<line number="64" hits="1"/>
						<line number="67" hits="1"/>
						<line number="70" hits="1"/>
						<line number="73" hits="1"/>
						<line number="76" hits="1"/>
						<line number="77" hits="1"/>
						<line number="80" hits="1"/>
						<line number="83" hits="1"/>
						<line number="89" hits="1"/>
						<line number="92" hits="1"/>
						<line number="93" hits="1"/>
						<line number="94" hits="1"/>
						<line number="95" hits="1"/>
						<line number="96" hits="1"/>
						<line number="98" hits="1"/>
						<line number="99" hits="1"/>
						<line number="100" hits="1"/>
						<line number="102" hits="0" branch="true" condition-coverage="0% (0/2)" missing-branches="103,104"/>
						<line number="103" hits="0"/>
						<line number="104" hits="0" branch="true" condition-coverage="0% (0/2)" missing-branches="105,106"/>
						<line number="105" hits="0"/>
						<line number="106" hits="0" branch="true" condition-coverage="0% (0/2)" missing-branches="107,108"/>
						<line number="107" hits="0"/>
						<line number="108" hits="0" branch="true" condition-coverage="0% (0/2)" missing-branches="109,115"/>
						<line number="109" hits="0"/>
						<line number="111" hits="0"/>
						<line number="112" hits="0"/>
						<line number="114" hits="0"/>
						<line number="115" hits="0"/>
						<line number="118" hits="1"/>
						<line number="121" hits="1"/>
						<line number="124" hits="1"/>
						<line number="127" hits="1"/>
						<line number="128" hits="1"/>
						<line number="129" hits="1"/>
						<line number="130" hits="1"/>
						<line number="131" hits="1"/>
						<line number="133" hits="1"/>
						<line number="134" hits="1"/>
						<line number="135" hits="1"/>
						<line number="137" hits="0" branch="true" condition-coverage="0% (0/2)" missing-branches="138,139"/>
						<line number="138" hits="0"/>
						<line number="139" hits="0" branch="true" condition-coverage="0% (0/2)" missing-branches="140,141"/>
						<line number="140" hits="0"/>
						<line number="141" hits="0" branch="true" condition-coverage="0% (0/2)" missing-branches="142,143"/>
						<line number="142" hits="0"/>
						<line number="143" hits="0" branch="true" condition-coverage="0% (0/2)" missing-branches="144,148"/>
						<line number="144" hits="0"/>
						<line number="145" hits="0"/>
						<line number="146" hits="0"/>
						<line number="147" hits="0"/>
						<line number="148" hits="0"/>
						<line number="151" hits="1"/>
						<line number="154" hits="1"/>
						<line number="155" hits="1"/>
						<line number="156" hits="1"/>
						<line number="157" hits="1"/>
						<line number="158" hits="1"/>
						<line number="160" hits="1"/>
						<line number="161" hits="1"/>
						<line number="164" hits="1"/>
						<line number="167" hits="1"/>
						<line number="168" hits="1"/>
						<line number="169" hits="1"/>
						<line number="170" hits="1"/>
						<line number="171" hits="1"/>
						<line number="172" hits="1"/>
						<line number="173" hits="1"/>
						<line number="174" hits="1"/>
						<line number="175" hits="1"/>
						<line number="176" hits="1"/>
						<line number="177" hits="1"/>
						<line number="178" hits="1"/>
						<line number="179" hits="1"/>
						<line number="181" hits="1"/>
						<line number="182" hits="1"/>
						<line number="185" hits="1"/>
						<line number="188" hits="1"/>
						<line number="189" hits="1"/>
						<line number="190" hits="1"/>
						<line number="191" hits="1"/>
						<line number="192" hits="1"/>
						<line number="193" hits="1"/>
						<line number="194" hits="1"/>
						<line number="195" hits="1"/>
						<line number="196" hits="1"/>
						<line number="197" hits="1"/>
						<line number="198" hits="1"/>
						<line number="199" hits="1"/>
						<line number="201" hits="1"/>
						<line number="202" hits="1"/>
						<line number="208" hits="1"/>
						<line number="211" hits="1"/>
						<line number="212" hits="1"/>
						<line number="213" hits="1"/>
						<line number="214" hits="1"/>
						<line number="215" hits="1"/>
						<line number="216" hits="1"/>
						<line number="217" hits="1"/>
						<line number="220" hits="1"/>
						<line number="223" hits="1"/>
						<line number="226" hits="1"/>
						<line number="229" hits="1"/>
						<line number="230" hits="1"/>
						<line number="231" hits="1"/>
						<line number="232" hits="1"/>
						<line number="233" hits="1"/>
						<line number="234" hits="1"/>
						<line number="235" hits="1"/>
						<line number="238" hits="1"/>
						<line number="241" hits="1"/>
						<line number="242" hits="1"/>
						<line number="243" hits="1"/>
						<line number="245" hits="1"/>
						<line number="246" hits="1"/>
						<line number="249" hits="1"/>
						<line number="250" hits="1"/>
						<line number="253" hits="1"/>
						<line number="254" hits="1"/>
						<line number="255" hits="1"/>
						<line number="256" hits="1"/>
						<line number="257" hits="1"/>
						<line number="258" hits="1"/>
						<line number="259" hits="1"/>
						<line number="260" hits="1"/>
						<line number="261" hits="1"/>
						<line number="264" hits="1"/>
						<line number="265" hits="1"/>
						<line number="268" hits="1"/>
						<line number="269" hits="1"/>
						<line number="275" hits="1"/>
						<line number="278" hits="1"/>
						<line number="279" hits="1"/>
						<line number="280" hits="1"/>
						<line number="281" hits="1"/>
						<line number="284" hits="1"/>
						<line number="287" hits="1"/>
						<line number="290" hits="1"/>
						<line number="293" hits="1"/>
						<line number="294" hits="1"/>
						<line number="296" hits="1"/>
						<line number="297" hits="1"/>
					</lines>
				</class>
			</classes>
		</package>
		<package name="backend.app.analysis" line-rate="0.8051" branch-rate="0.5644" complexity="0">
			<classes>
				<class name="__init__.py" filename="backend/app/analysis/__init__.py" complexity="0" line-rate="1" branch-rate="1">
					<methods/>
					<lines>
						<line number="3" hits="1"/>
						<line number="15" hits="1"/>
					</lines>
				</class>
				<class name="deterministic.py" filename="backend/app/analysis/deterministic.py" complexity="0" line-rate="0.8044" branch-rate="0.5644">
					<methods/>
					<lines>
						<line number="10" hits="1"/>
						<line number="12" hits="1"/>
						<line number="13" hits="1"/>
						<line number="14" hits="1"/>
						<line number="15" hits="1"/>
						<line number="17" hits="1"/>
						<line number="19" hits="1"/>
						<line number="20" hits="1"/>
						<line number="23" hits="1"/>
						<line number="24" hits="1"/>
						<line number="27" hits="1"/>
						<line number="28" hits="1"/>
						<line number="29" hits="1"/>
						<line number="30" hits="1"/>
						<line number="32" hits="1"/>
						<line number="33" hits="1"/>
						<line number="38" hits="1" branch="true" condition-coverage="100% (2/2)"/>
						<line number="39" hits="1"/>
						<line number="40" hits="1"/>
						<line number="41" hits="1"/>
						<line number="44" hits="1"/>
						<line number="45" hits="1"/>
						<line number="46" hits="1"/>
						<line number="47" hits="1"/>
						<line number="48" hits="1"/>
						<line number="49" hits="1"/>
						<line number="50" hits="1"/>
						<line number="51" hits="1"/>
						<line number="52" hits="1"/>
						<line number="53" hits="1"/>
						<line number="54" hits="1"/>
						<line number="55" hits="1"/>
						<line number="58" hits="1"/>
						<line number="59" hits="1"/>
						<line number="62" hits="1"/>
						<line number="63" hits="1"/>
						<line number="64" hits="1"/>
						<line number="65" hits="1" branch="true" condition-coverage="100% (2/2)"/>
						<line number="66" hits="1"/>
						<line number="67" hits="1" branch="true" condition-coverage="100% (2/2)"/>
						<line number="68" hits="1"/>
						<line number="69" hits="1"/>
						<line number="70" hits="1"/>
						<line number="73" hits="1"/>
						<line number="78" hits="1"/>
						<line number="83" hits="1" branch="true" condition-coverage="50% (1/2)" missing-branches="84"/>
						<line number="84" hits="0"/>
						<line number="85" hits="1"/>
						<line number="86" hits="1"/>
						<line number="89" hits="1"/>
						<line number="96" hits="1"/>
						<line number="103" hits="1" branch="true" condition-coverage="50% (1/2)" missing-branches="104"/>
						<line number="104" hits="0"/>
						<line number="105" hits="1"/>
						<line number="108" hits="1"/>
						<line number="109" hits="1"/>
						<line number="110" hits="1"/>
						<line number="111" hits="1"/>
						<line number="112" hits="1" branch="true" condition-coverage="100% (2/2)"/>
						<line number="113" hits="1"/>
						<line number="114" hits="1" branch="true" condition-coverage="50% (1/2)" missing-branches="115"/>
						<line number="115" hits="0"/>
						<line number="116" hits="1" branch="true" condition-coverage="50% (1/2)" missing-branches="117"/>
						<line number="117" hits="0"/>
						<line number="118" hits="1" branch="true" condition-coverage="100% (2/2)"/>
						<line number="119" hits="1"/>
						<line number="120" hits="1" branch="true" condition-coverage="100% (2/2)"/>
						<line number="121" hits="1"/>
						<line number="122" hits="1"/>
						<line number="125" hits="1"/>
						<line number="126" hits="1"/>
						<line number="127" hits="1"/>
						<line number="128" hits="1"/>
						<line number="129" hits="1" branch="true" condition-coverage="100% (2/2)"/>
						<line number="130" hits="1"/>
						<line number="131" hits="1" branch="true" condition-coverage="100% (2/2)"/>
						<line number="132" hits="1"/>
						<line number="133" hits="1" branch="true" condition-coverage="100% (2/2)"/>
						<line number="134" hits="1"/>
						<line number="135" hits="1"/>
						<line number="138" hits="1"/>
						<line number="139" hits="1"/>
						<line number="140" hits="1"/>
						<line number="141" hits="1"/>
						<line number="142" hits="1" branch="true" condition-coverage="50% (1/2)" missing-branches="143"/>
						<line number="143" hits="0"/>
						<line number="144" hits="1" branch="true" condition-coverage="50% (1/2)" missing-branches="145"/>
						<line number="145" hits="0"/>
						<line number="146" hits="1" branch="true" condition-coverage="50% (1/2)" missing-branches="147"/>
						<line number="147" hits="0"/>
						<line number="148" hits="1" branch="true" condition-coverage="50% (1/2)" missing-branches="149"/>
						<line number="149" hits="0"/>
						<line number="150" hits="1"/>
						<line number="153" hits="1"/>
						<line number="154" hits="1"/>
						<line number="155" hits="1"/>
						<line number="156" hits="1"/>
						<line number="157" hits="1" branch="true" condition-coverage="100% (2/2)"/>
						<line number="158" hits="1"/>
						<line number="159" hits="1" branch="true" condition-coverage="100% (2/2)"/>
						<line number="160" hits="1"/>
						<line number="161" hits="1" branch="true" condition-coverage="100% (2/2)"/>
						<line number="162" hits="1"/>
						<line number="163" hits="1" branch="true" condition-coverage="50% (1/2)" missing-branches="164"/>
						<line number="164" hits="0"/>
						<line number="165" hits="1"/>
						<line number="168" hits="1"/>
						<line number="169" hits="1"/>
						<line number="170" hits="1"/>
						<line number="171" hits="1"/>
						<line number="172" hits="1" branch="true" condition-coverage="50% (1/2)" missing-branches="173"/>
						<line number="173" hits="0"/>
						<line number="174" hits="1" branch="true" condition-coverage="50% (1/2)" missing-branches="175"/>
						<line number="175" hits="0"/>
						<line number="176" hits="1" branch="true" condition-coverage="50% (1/2)" missing-branches="177"/>
						<line number="177" hits="0"/>
						<line number="178" hits="1" branch="true" condition-coverage="50% (1/2)" missing-branches="179"/>
						<line number="179" hits="0"/>
						<line number="180" hits="1" branch="true" condition-coverage="50% (1/2)" missing-branches="181"/>
						<line number="181" hits="0"/>
						<line number="182" hits="1"/>
						<line number="185" hits="1"/>
						<line number="186" hits="1"/>
						<line number="187" hits="1"/>
						<line number="188" hits="1"/>
						<line number="189" hits="1" branch="true" condition-coverage="50% (1/2)" missing-branches="191"/>
						<line number="190" hits="1"/>
						<line number="191" hits="1" branch="true" condition-coverage="50% (1/2)" missing-branches="192"/>
						<line number="192" hits="0"/>
						<line number="193" hits="1" branch="true" condition-coverage="50% (1/2)" missing-branches="194"/>
						<line number="194" hits="0"/>
						<line number="195" hits="1" branch="true" condition-coverage="50% (1/2)" missing-branches="196"/>
						<line number="196" hits="0"/>
						<line number="197" hits="1" branch="true" condition-coverage="50% (1/2)" missing-branches="199"/>
						<line number="198" hits="1"/>
						<line number="199" hits="1"/>
						<line number="202" hits="1"/>
						<line number="203" hits="1" branch="true" condition-coverage="50% (1/2)" missing-branches="204"/>
						<line number="204" hits="0"/>
						<line number="205" hits="1"/>
						<line number="208" hits="1"/>
						<line number="209" hits="1"/>
						<line number="212" hits="1"/>
						<line number="213" hits="1" branch="true" condition-coverage="50% (1/2)" missing-branches="214"/>
						<line number="214" hits="0"/>
						<line number="215" hits="1"/>
						<line number="216" hits="1" branch="true" condition-coverage="50% (1/2)" missing-branches="217"/>
						<line number="217" hits="0"/>
						<line number="218" hits="1"/>
						<line number="219" hits="1"/>
						<line number="220" hits="1"/>
						<line number="221" hits="1" branch="true" condition-coverage="50% (1/2)" missing-branches="222"/>
						<line number="222" hits="0"/>
						<line number="223" hits="1"/>
						<line number="224" hits="1"/>
						<line number="227" hits="1"/>
						<line number="240" hits="1"/>
						<line number="251" hits="1"/>
						<line number="261" hits="1"/>
						<line number="268" hits="1"/>
						<line number="269" hits="1" branch="true" condition-coverage="50% (1/2)" missing-branches="270"/>
						<line number="270" hits="0"/>
						<line number="279" hits="1"/>
						<line number="280" hits="1"/>
						<line number="281" hits="1"/>
						<line number="282" hits="1"/>
						<line number="283" hits="1" branch="true" condition-coverage="50% (1/2)" missing-branches="285"/>
						<line number="284" hits="1"/>
						<line number="285" hits="1" branch="true" condition-coverage="50% (1/2)" missing-branches="287"/>
						<line number="286" hits="1"/>
						<line number="287" hits="1" branch="true" condition-coverage="50% (1/2)" missing-branches="288"/>
						<line number="288" hits="0"/>
						<line number="290" hits="1" branch="true" condition-coverage="50% (1/2)" missing-branches="291"/>
						<line number="291" hits="0"/>
						<line number="299" hits="1" branch="true" condition-coverage="50% (1/2)" missing-branches="300"/>
						<line number="300" hits="0"/>
						<line number="309" hits="1"/>
						<line number="310" hits="1" branch="true" condition-coverage="50% (1/2)" missing-branches="311"/>
						<line number="311" hits="0"/>
						<line number="313" hits="1"/>
						<line number="319" hits="1" branch="true" condition-coverage="50% (1/2)" missing-branches="320"/>
						<line number="320" hits="0"/>
						<line number="331" hits="1"/>
						<line number="332" hits="1" branch="true" condition-coverage="100% (2/2)"/>
						<line number="333" hits="1"/>
						<line number="335" hits="1"/>
						<line number="336" hits="1" branch="true" condition-coverage="100% (2/2)"/>
						<line number="337" hits="1"/>
						<line number="338" hits="1"/>
						<line number="339" hits="1" branch="true" condition-coverage="50% (1/2)" missing-branches="340"/>
						<line number="340" hits="0"/>
						<line number="341" hits="1"/>
						<line number="342" hits="1"/>
						<line number="343" hits="1"/>
						<line number="344" hits="1"/>
						<line number="346" hits="1" branch="true" condition-coverage="50% (1/2)" missing-branches="347"/>
						<line number="347" hits="0"/>
						<line number="358" hits="1"/>
						<line number="359" hits="1" branch="true" condition-coverage="50% (1/2)" missing-branches="367"/>
						<line number="360" hits="1"/>
						<line number="361" hits="1"/>
						<line number="362" hits="1" branch="true" condition-coverage="50% (1/2)" missing-branches="363"/>
						<line number="363" hits="0"/>
						<line number="364" hits="1" branch="true" condition-coverage="100% (2/2)"/>
						<line number="365" hits="1"/>
						<line number="366" hits="1"/>
						<line number="367" hits="1" branch="true" condition-coverage="50% (1/2)" missing-branches="368"/>
						<line number="368" hits="0" branch="true" condition-coverage="0% (0/2)" missing-branches="369,372"/>
						<line number="369" hits="0" branch="true" condition-coverage="0% (0/2)" missing-branches="368,370"/>
						<line number="370" hits="0"/>
						<line number="371" hits="0"/>
						<line number="372" hits="1" branch="true" condition-coverage="50% (1/2)" missing-branches="373"/>
						<line number="373" hits="0"/>
						<line number="385" hits="1"/>
						<line number="386" hits="1" branch="true" condition-coverage="50% (1/2)" missing-branches="391"/>
						<line number="387" hits="1"/>
						<line number="388" hits="1" branch="true" condition-coverage="100% (2/2)"/>
						<line number="389" hits="1"/>
						<line number="390" hits="1"/>
						<line number="391" hits="1" branch="true" condition-coverage="50% (1/2)" missing-branches="392"/>
						<line number="392" hits="0"/>
						<line number="395" hits="0"/>
						<line number="397" hits="1" branch="true" condition-coverage="50% (1/2)" missing-branches="398"/>
						<line number="398" hits="0"/>
						<line number="410" hits="1"/>
						<line number="411" hits="1"/>
						<line number="412" hits="1" branch="true" condition-coverage="100% (2/2)"/>
						<line number="413" hits="1"/>
						<line number="414" hits="1"/>
						<line number="415" hits="1"/>
						<line number="416" hits="1" branch="true" condition-coverage="50% (1/2)" missing-branches="417"/>
						<line number="417" hits="0"/>
						<line number="418" hits="1"/>
						<line number="419" hits="1"/>
						<line number="420" hits="1"/>
						<line number="421" hits="1"/>
						<line number="423" hits="1" branch="true" condition-coverage="50% (1/2)" missing-branches="424"/>
						<line number="424" hits="0"/>
						<line number="436" hits="1"/>
						<line number="437" hits="1"/>
						<line number="438" hits="1"/>
						<line number="439" hits="1"/>
						<line number="440" hits="1" branch="true" condition-coverage="50% (1/2)" missing-branches="443"/>
						<line number="441" hits="1"/>
						<line number="443" hits="1"/>
						<line number="444" hits="1"/>
						<line number="445" hits="1"/>
						<line number="447" hits="1"/>
						<line number="457" hits="1"/>
						<line number="489" hits="1"/>
						<line number="496" hits="1"/>
						<line number="497" hits="1" branch="true" condition-coverage="50% (1/2)" missing-branches="498"/>
						<line number="498" hits="0"/>
						<line number="506" hits="1"/>
						<line number="507" hits="1"/>
						<line number="508" hits="1"/>
						<line number="509" hits="1" branch="true" condition-coverage="50% (1/2)" missing-branches="511"/>
						<line number="510" hits="1"/>
						<line number="511" hits="1" branch="true" condition-coverage="100% (2/2)"/>
						<line number="512" hits="1"/>
						<line number="514" hits="1" branch="true" condition-coverage="50% (1/2)" missing-branches="515"/>
						<line number="515" hits="0"/>
						<line number="522" hits="1" branch="true" condition-coverage="100% (2/2)"/>
						<line number="523" hits="1"/>
						<line number="531" hits="1"/>
						<line number="537" hits="1" branch="true" condition-coverage="50% (1/2)" missing-branches="538"/>
						<line number="538" hits="0"/>
						<line number="548" hits="1"/>
						<line number="549" hits="1" branch="true" condition-coverage="100% (2/2)"/>
						<line number="550" hits="1"/>
						<line number="552" hits="1"/>
						<line number="553" hits="1" branch="true" condition-coverage="100% (2/2)"/>
						<line number="554" hits="1"/>
						<line number="555" hits="1"/>
						<line number="556" hits="1" branch="true" condition-coverage="50% (1/2)" missing-branches="557"/>
						<line number="557" hits="0"/>
						<line number="558" hits="1"/>
						<line number="559" hits="1"/>
						<line number="560" hits="1"/>
						<line number="562" hits="1" branch="true" condition-coverage="50% (1/2)" missing-branches="563"/>
						<line number="563" hits="0"/>
						<line number="573" hits="1"/>
						<line number="574" hits="1" branch="true" condition-coverage="50% (1/2)" missing-branches="582"/>
						<line number="575" hits="1"/>
						<line number="576" hits="1"/>
						<line number="577" hits="1" branch="true" condition-coverage="50% (1/2)" missing-branches="578"/>
						<line number="578" hits="0"/>
						<line number="579" hits="1" branch="true" condition-coverage="100% (2/2)"/>
						<line number="580" hits="1"/>
						<line number="581" hits="1"/>
						<line number="582" hits="1" branch="true" condition-coverage="50% (1/2)" missing-branches="583"/>
						<line number="583" hits="0" branch="true" condition-coverage="0% (0/2)" missing-branches="584,587"/>
						<line number="584" hits="0" branch="true" condition-coverage="0% (0/2)" missing-branches="583,585"/>
						<line number="585" hits="0"/>
						<line number="586" hits="0"/>
						<line number="587" hits="1" branch="true" condition-coverage="50% (1/2)" missing-branches="588"/>
						<line number="588" hits="0"/>
						<line number="599" hits="1"/>
						<line number="600" hits="1" branch="true" condition-coverage="50% (1/2)" missing-branches="605"/>
						<line number="601" hits="1"/>
						<line number="602" hits="1" branch="true" condition-coverage="100% (2/2)"/>
						<line number="603" hits="1"/>
						<line number="604" hits="1"/>
						<line number="605" hits="1" branch="true" condition-coverage="50% (1/2)" missing-branches="606"/>
						<line number="606" hits="0"/>
						<line number="609" hits="0"/>
						<line number="611" hits="1" branch="true" condition-coverage="50% (1/2)" missing-branches="612"/>
						<line number="612" hits="0"/>
						<line number="623" hits="1"/>
						<line number="624" hits="1"/>
						<line number="625" hits="1" branch="true" condition-coverage="100% (2/2)"/>
						<line number="626" hits="1"/>
						<line number="627" hits="1"/>
						<line number="628" hits="1"/>
						<line number="629" hits="1" branch="true" condition-coverage="50% (1/2)" missing-branches="630"/>
						<line number="630" hits="0"/>
						<line number="631" hits="1"/>
						<line number="632" hits="1"/>
						<line number="633" hits="1"/>
						<line number="634" hits="1"/>
						<line number="636" hits="1" branch="true" condition-coverage="50% (1/2)" missing-branches="637"/>
						<line number="637" hits="0"/>
						<line number="648" hits="1"/>
						<line number="649" hits="1"/>
						<line number="650" hits="1"/>
						<line number="651" hits="1"/>
						<line number="652" hits="1" branch="true" condition-coverage="50% (1/2)" missing-branches="655"/>
						<line number="653" hits="1"/>
						<line number="655" hits="1"/>
						<line number="665" hits="1"/>
						<line number="693" hits="1"/>
						<line number="694" hits="1"/>
						<line number="695" hits="1" branch="true" condition-coverage="50% (1/2)" missing-branches="696"/>
						<line number="696" hits="0"/>
						<line number="697" hits="1"/>
						<line number="700" hits="1"/>
						<line number="701" hits="0"/>
						<line number="702" hits="0" branch="true" condition-coverage="0% (0/2)" missing-branches="703,704"/>
						<line number="703" hits="0"/>
						<line number="704" hits="0" branch="true" condition-coverage="0% (0/2)" missing-branches="705,706"/>
						<line number="705" hits="0"/>
						<line number="706" hits="0"/>
						<line number="709" hits="1"/>
						<line number="716" hits="1"/>
						<line number="717" hits="1"/>
						<line number="718" hits="1" branch="true" condition-coverage="50% (1/2)" missing-branches="719"/>
						<line number="719" hits="0"/>
						<line number="726" hits="1"/>
						<line number="727" hits="1"/>
						<line number="728" hits="1"/>
						<line number="729" hits="1"/>
						<line number="730" hits="1"/>
						<line number="732" hits="1"/>
						<line number="733" hits="1"/>
						<line number="734" hits="1" branch="true" condition-coverage="50% (1/2)" missing-branches="736"/>
						<line number="735" hits="1"/>
						<line number="736" hits="1" branch="true" condition-coverage="50% (1/2)" missing-branches="737"/>
						<line number="737" hits="0"/>
						<line number="738" hits="1" branch="true" condition-coverage="50% (1/2)" missing-branches="740"/>
						<line number="739" hits="1"/>
						<line number="740" hits="1" branch="true" condition-coverage="50% (1/2)" missing-branches="741"/>
						<line number="741" hits="0"/>
						<line number="743" hits="1" branch="true" condition-coverage="50% (1/2)" missing-branches="744"/>
						<line number="744" hits="0"/>
						<line number="751" hits="1"/>
						<line number="757" hits="1" branch="true" condition-coverage="50% (1/2)" missing-branches="758"/>
						<line number="758" hits="0"/>
						<line number="765" hits="1"/>
						<line number="766" hits="1" branch="true" condition-coverage="100% (2/2)"/>
						<line number="767" hits="1"/>
						<line number="769" hits="1"/>
						<line number="770" hits="1" branch="true" condition-coverage="100% (2/2)"/>
						<line number="771" hits="1"/>
						<line number="772" hits="1"/>
						<line number="782" hits="1" branch="true" condition-coverage="50% (1/2)" missing-branches="783"/>
						<line number="783" hits="0"/>
						<line number="792" hits="1"/>
						<line number="793" hits="1"/>
						<line number="794" hits="1"/>
						<line number="795" hits="1" branch="true" condition-coverage="50% (1/2)" missing-branches="796"/>
						<line number="796" hits="0"/>
						<line number="805" hits="1"/>
						<line number="806" hits="1" branch="true" condition-coverage="50% (1/2)" missing-branches="814"/>
						<line number="807" hits="1"/>
						<line number="808" hits="1" branch="true" condition-coverage="50% (1/2)" missing-branches="814"/>
						<line number="809" hits="1"/>
						<line number="810" hits="1"/>
						<line number="814" hits="1"/>
						<line number="815" hits="1" branch="true" condition-coverage="50% (1/2)" missing-branches="816"/>
						<line number="816" hits="0"/>
						<line number="817" hits="0" branch="true" condition-coverage="0% (0/2)" missing-branches="818,823"/>
						<line number="818" hits="0"/>
						<line number="819" hits="0"/>
						<line number="820" hits="1" branch="true" condition-coverage="50% (1/2)" missing-branches="823"/>
						<line number="821" hits="1"/>
						<line number="823" hits="1"/>
						<line number="824" hits="1"/>
						<line number="825" hits="1"/>
						<line number="826" hits="1"/>
						<line number="827" hits="1" branch="true" condition-coverage="50% (1/2)" missing-branches="832"/>
						<line number="828" hits="1"/>
						<line number="829" hits="1"/>
						<line number="830" hits="1"/>
						<line number="832" hits="1"/>
						<line number="833" hits="1"/>
						<line number="834" hits="1"/>
						<line number="836" hits="1"/>
						<line number="843" hits="1"/>
						<line number="868" hits="1"/>
						<line number="875" hits="1"/>
						<line number="876" hits="1"/>
						<line number="877" hits="1" branch="true" condition-coverage="50% (1/2)" missing-branches="878"/>
						<line number="878" hits="0"/>
						<line number="885" hits="1"/>
						<line number="886" hits="1" branch="true" condition-coverage="100% (2/2)"/>
						<line number="887" hits="1"/>
						<line number="888" hits="1" branch="true" condition-coverage="50% (1/2)" missing-branches="886"/>
						<line number="889" hits="1"/>
						<line number="890" hits="1"/>
						<line number="891" hits="1"/>
						<line number="892" hits="1" branch="true" condition-coverage="50% (1/2)" missing-branches="893"/>
						<line number="893" hits="0"/>
						<line number="900" hits="1"/>
						<line number="906" hits="1" branch="true" condition-coverage="50% (1/2)" missing-branches="907"/>
						<line number="907" hits="0"/>
						<line number="914" hits="1"/>
						<line number="915" hits="1" branch="true" condition-coverage="100% (2/2)"/>
						<line number="916" hits="1"/>
						<line number="918" hits="1"/>
						<line number="919" hits="1" branch="true" condition-coverage="100% (2/2)"/>
						<line number="920" hits="1"/>
						<line number="921" hits="1" branch="true" condition-coverage="50% (1/2)" missing-branches="922"/>
						<line number="922" hits="0"/>
						<line number="923" hits="1"/>
						<line number="924" hits="1"/>
						<line number="925" hits="1"/>
						<line number="926" hits="1"/>
						<line number="927" hits="1"/>
						<line number="928" hits="1"/>
						<line number="929" hits="1"/>
						<line number="930" hits="1"/>
						<line number="944" hits="1" branch="true" condition-coverage="50% (1/2)" missing-branches="945"/>
						<line number="945" hits="0"/>
						<line number="954" hits="1"/>
						<line number="955" hits="1"/>
						<line number="956" hits="1"/>
						<line number="963" hits="1"/>
						<line number="985" hits="1"/>
						<line number="986" hits="1"/>
						<line number="992" hits="1" branch="true" condition-coverage="50% (1/2)" missing-branches="994"/>
						<line number="993" hits="1"/>
						<line number="994" hits="1" branch="true" condition-coverage="50% (1/2)" missing-branches="996"/>
						<line number="995" hits="1"/>
						<line number="996" hits="1"/>
						<line number="997" hits="1" branch="true" condition-coverage="50% (1/2)" missing-branches="1001"/>
						<line number="998" hits="1"/>
						<line number="999" hits="1" branch="true" condition-coverage="100% (2/2)"/>
						<line number="1000" hits="1"/>
						<line number="1001" hits="1"/>
						<line number="1002" hits="1" branch="true" condition-coverage="50% (1/2)" missing-branches="1006"/>
						<line number="1003" hits="1"/>
						<line number="1004" hits="1" branch="true" condition-coverage="100% (2/2)"/>
						<line number="1005" hits="1"/>
						<line number="1006" hits="1"/>
						<line number="1007" hits="1" branch="true" condition-coverage="50% (1/2)" missing-branches="1008"/>
						<line number="1008" hits="0"/>
						<line number="1009" hits="0" branch="true" condition-coverage="0% (0/2)" missing-branches="1010,1011"/>
						<line number="1010" hits="0"/>
						<line number="1011" hits="1"/>
						<line number="1014" hits="1"/>
						<line number="1016" hits="1"/>
						<line number="1017" hits="1"/>
						<line number="1018" hits="1"/>
						<line number="1019" hits="1"/>
						<line number="1021" hits="1" branch="true" condition-coverage="50% (1/2)" missing-branches="1022"/>
						<line number="1022" hits="0"/>
						<line number="1024" hits="1"/>
						<line number="1035" hits="1" branch="true" condition-coverage="50% (1/2)" missing-branches="1036"/>
						<line number="1036" hits="0"/>
						<line number="1040" hits="1"/>
						<line number="1041" hits="1"/>
						<line number="1047" hits="1"/>
						<line number="1048" hits="1"/>
						<line number="1049" hits="1"/>
						<line number="1050" hits="1"/>
						<line number="1051" hits="1"/>
						<line number="1052" hits="1"/>
						<line number="1053" hits="1"/>
						<line number="1054" hits="1"/>
						<line number="1055" hits="1"/>
						<line number="1057" hits="1"/>
						<line number="1058" hits="1" branch="true" condition-coverage="50% (1/2)" missing-branches="1061"/>
						<line number="1059" hits="1"/>
						<line number="1061" hits="1"/>
						<line number="1110" hits="1" branch="true" condition-coverage="50% (1/2)" missing-branches="1112"/>
						<line number="1111" hits="1"/>
						<line number="1112" hits="1" branch="true" condition-coverage="50% (1/2)" missing-branches="1114"/>
						<line number="1113" hits="1"/>
						<line number="1114" hits="1"/>
						<line number="1124" hits="1" branch="true" condition-coverage="50% (1/2)" missing-branches="1125"/>
						<line number="1125" hits="0"/>
						<line number="1126" hits="0" branch="true" condition-coverage="0% (0/2)" missing-branches="1127,1128"/>
						<line number="1127" hits="0"/>
						<line number="1128" hits="1" branch="true" condition-coverage="50% (1/2)" missing-branches="1129"/>
						<line number="1129" hits="0"/>
						<line number="1130" hits="0" branch="true" condition-coverage="0% (0/2)" missing-branches="1131,1132"/>
						<line number="1131" hits="0"/>
						<line number="1132" hits="1"/>
						<line number="1133" hits="1" branch="true" condition-coverage="50% (1/2)" missing-branches="1134"/>
						<line number="1134" hits="0"/>
						<line number="1135" hits="0" branch="true" condition-coverage="0% (0/2)" missing-branches="1136,1137"/>
						<line number="1136" hits="0"/>
						<line number="1137" hits="1" branch="true" condition-coverage="50% (1/2)" missing-branches="1138"/>
						<line number="1138" hits="0"/>
						<line number="1139" hits="0"/>
						<line number="1140" hits="1"/>
						<line number="1143" hits="1"/>
						<line number="1144" hits="1" branch="true" condition-coverage="50% (1/2)" missing-branches="1147"/>
						<line number="1145" hits="1"/>
						<line number="1147" hits="0"/>
						<line number="1169" hits="0"/>
						<line number="1170" hits="0"/>
						<line number="1171" hits="0" branch="true" condition-coverage="0% (0/2)" missing-branches="1172,1175"/>
						<line number="1172" hits="0"/>
						<line number="1173" hits="0" branch="true" condition-coverage="0% (0/2)" missing-branches="1174,1175"/>
						<line number="1174" hits="0"/>
						<line number="1175" hits="0" branch="true" condition-coverage="0% (0/2)" missing-branches="1176,1179"/>
						<line number="1176" hits="0"/>
						<line number="1177" hits="0" branch="true" condition-coverage="0% (0/2)" missing-branches="1178,1179"/>
						<line number="1178" hits="0"/>
						<line number="1179" hits="0"/>
						<line number="1180" hits="0" branch="true" condition-coverage="0% (0/2)" missing-branches="1181,1184"/>
						<line number="1181" hits="0"/>
						<line number="1182" hits="0" branch="true" condition-coverage="0% (0/2)" missing-branches="1183,1184"/>
						<line number="1183" hits="0"/>
						<line number="1184" hits="0"/>
						<line number="1187" hits="1"/>
						<line number="1188" hits="1" branch="true" condition-coverage="50% (1/2)" missing-branches="1189"/>
						<line number="1189" hits="0"/>
						<line number="1191" hits="1"/>
						<line number="1203" hits="1" branch="true" condition-coverage="50% (1/2)" missing-branches="1205"/>
						<line number="1204" hits="1"/>
						<line number="1205" hits="1" branch="true" condition-coverage="50% (1/2)" missing-branches="1207"/>
						<line number="1206" hits="1"/>
						<line number="1207" hits="1" branch="true" condition-coverage="50% (1/2)" missing-branches="1209"/>
						<line number="1208" hits="1"/>
						<line number="1209" hits="1" branch="true" condition-coverage="50% (1/2)" missing-branches="1213"/>
						<line number="1210" hits="1"/>
						<line number="1213" hits="1" branch="true" condition-coverage="50% (1/2)" missing-branches="1214"/>
						<line number="1214" hits="0"/>
						<line number="1218" hits="1"/>
						<line number="1219" hits="1"/>
						<line number="1220" hits="1" branch="true" condition-coverage="50% (1/2)" missing-branches="1224"/>
						<line number="1221" hits="1"/>
						<line number="1222" hits="1" branch="true" condition-coverage="100% (2/2)"/>
						<line number="1223" hits="1"/>
						<line number="1224" hits="1" branch="true" condition-coverage="50% (1/2)" missing-branches="1228"/>
						<line number="1225" hits="1"/>
						<line number="1226" hits="1" branch="true" condition-coverage="100% (2/2)"/>
						<line number="1227" hits="1"/>
						<line number="1228" hits="1"/>
						<line number="1229" hits="1" branch="true" condition-coverage="50% (1/2)" missing-branches="1233"/>
						<line number="1230" hits="1"/>
						<line number="1231" hits="1" branch="true" condition-coverage="100% (2/2)"/>
						<line number="1232" hits="1"/>
						<line number="1233" hits="1"/>
						<line number="1236" hits="1"/>
						<line number="1237" hits="1" branch="true" condition-coverage="50% (1/2)" missing-branches="1238"/>
						<line number="1238" hits="0"/>
						<line number="1243" hits="1"/>
						<line number="1262" hits="1" branch="true" condition-coverage="100% (2/2)"/>
						<line number="1263" hits="1"/>
						<line number="1272" hits="1"/>
						<line number="1273" hits="1"/>
						<line number="1274" hits="1" branch="true" condition-coverage="50% (1/2)" missing-branches="1278"/>
						<line number="1275" hits="1"/>
						<line number="1276" hits="1" branch="true" condition-coverage="100% (2/2)"/>
						<line number="1277" hits="1"/>
						<line number="1278" hits="1" branch="true" condition-coverage="50% (1/2)" missing-branches="1282"/>
						<line number="1279" hits="1"/>
						<line number="1280" hits="1" branch="true" condition-coverage="100% (2/2)"/>
						<line number="1281" hits="1"/>
						<line number="1282" hits="1"/>
						<line number="1283" hits="1" branch="true" condition-coverage="50% (1/2)" missing-branches="1287"/>
						<line number="1284" hits="1"/>
						<line number="1285" hits="1" branch="true" condition-coverage="100% (2/2)"/>
						<line number="1286" hits="1"/>
						<line number="1287" hits="1"/>
					</lines>
				</class>
			</classes>
		</package>
		<package name="backend.app.routers" line-rate="0.5098" branch-rate="0.332" complexity="0">
			<classes>
				<class name="__init__.py" filename="backend/app/routers/__init__.py" complexity="0" line-rate="1" branch-rate="1">
					<methods/>
					<lines/>
				</class>
				<class name="admin.py" filename="backend/app/routers/admin.py" complexity="0" line-rate="0.7533" branch-rate="0.5484">
					<methods/>
					<lines>
						<line number="8" hits="1"/>
						<line number="9" hits="1"/>
						<line number="10" hits="1"/>
						<line number="11" hits="1"/>
						<line number="12" hits="1"/>
						<line number="13" hits="1"/>
						<line number="14" hits="1"/>
						<line number="16" hits="1"/>
						<line number="17" hits="1"/>
						<line number="18" hits="1"/>
						<line number="19" hits="1"/>
						<line number="21" hits="1"/>
						<line number="22" hits="1"/>
						<line number="23" hits="1"/>
						<line number="24" hits="1"/>
						<line number="26" hits="1"/>
						<line number="28" hits="1"/>
						<line number="31" hits="1"/>
						<line number="33" hits="1" branch="true" condition-coverage="50% (1/2)" missing-branches="34"/>
						<line number="34" hits="0"/>
						<line number="37" hits="1"/>
						<line number="38" hits="1"/>
						<line number="41" hits="1" branch="true" condition-coverage="50% (1/2)" missing-branches="47"/>
						<line number="42" hits="1"/>
						<line number="43" hits="1" branch="true" condition-coverage="50% (1/2)" missing-branches="45"/>
						<line number="44" hits="1"/>
						<line number="45" hits="0"/>
						<line number="47" hits="1"/>
						<line number="48" hits="1"/>
						<line number="49" hits="1"/>
						<line number="50" hits="1"/>
						<line number="51" hits="1"/>
						<line number="52" hits="1"/>
						<line number="53" hits="1"/>
						<line number="54" hits="1"/>
						<line number="57" hits="1"/>
						<line number="59" hits="1" branch="true" condition-coverage="100% (2/2)"/>
						<line number="60" hits="1"/>
						<line number="62" hits="1"/>
						<line number="65" hits="1"/>
						<line number="66" hits="1"/>
						<line number="69" hits="1"/>
						<line number="72" hits="1"/>
						<line number="73" hits="1"/>
						<line number="74" hits="1"/>
						<line number="77" hits="1"/>
						<line number="78" hits="1"/>
						<line number="79" hits="1"/>
						<line number="80" hits="1"/>
						<line number="81" hits="0"/>
						<line number="82" hits="0"/>
						<line number="83" hits="1" branch="true" condition-coverage="50% (1/2)" missing-branches="84"/>
						<line number="84" hits="0"/>
						<line number="85" hits="1"/>
						<line number="88" hits="1"/>
						<line number="89" hits="1"/>
						<line number="90" hits="1"/>
						<line number="91" hits="1"/>
						<line number="92" hits="0"/>
						<line number="93" hits="0"/>
						<line number="94" hits="1" branch="true" condition-coverage="50% (1/2)" missing-branches="95"/>
						<line number="95" hits="0"/>
						<line number="96" hits="1"/>
						<line number="99" hits="1"/>
						<line number="100" hits="1"/>
						<line number="101" hits="1"/>
						<line number="102" hits="0"/>
						<line number="103" hits="0"/>
						<line number="104" hits="1"/>
						<line number="107" hits="1"/>
						<line number="108" hits="1"/>
						<line number="109" hits="1"/>
						<line number="110" hits="0"/>
						<line number="111" hits="0"/>
						<line number="114" hits="1"/>
						<line number="115" hits="1"/>
						<line number="116" hits="1"/>
						<line number="117" hits="0"/>
						<line number="118" hits="0"/>
						<line number="121" hits="1"/>
						<line number="122" hits="1" branch="true" condition-coverage="50% (1/2)" missing-branches="124"/>
						<line number="123" hits="1"/>
						<line number="124" hits="0"/>
						<line number="127" hits="1"/>
						<line number="128" hits="1"/>
						<line number="129" hits="1" branch="true" condition-coverage="100% (2/2)"/>
						<line number="130" hits="1" branch="true" condition-coverage="50% (1/2)" missing-branches="131"/>
						<line number="131" hits="0"/>
						<line number="132" hits="1"/>
						<line number="145" hits="1"/>
						<line number="146" hits="1"/>
						<line number="149" hits="1"/>
						<line number="150" hits="1" branch="true" condition-coverage="50% (1/2)" missing-branches="151"/>
						<line number="151" hits="0"/>
						<line number="161" hits="1"/>
						<line number="162" hits="1" branch="true" condition-coverage="100% (2/2)"/>
						<line number="163" hits="1"/>
						<line number="173" hits="1"/>
						<line number="190" hits="1"/>
						<line number="196" hits="1" branch="true" condition-coverage="50% (1/2)" missing-branches="197"/>
						<line number="197" hits="0"/>
						<line number="206" hits="1"/>
						<line number="211" hits="1"/>
						<line number="212" hits="1" branch="true" condition-coverage="50% (1/2)" missing-branches="215"/>
						<line number="213" hits="1"/>
						<line number="215" hits="1"/>
						<line number="225" hits="1"/>
						<line number="226" hits="1"/>
						<line number="227" hits="1" branch="true" condition-coverage="50% (1/2)" missing-branches="235"/>
						<line number="235" hits="0"/>
						<line number="236" hits="1" branch="true" condition-coverage="100% (2/2)"/>
						<line number="242" hits="1"/>
						<line number="243" hits="1" branch="true" condition-coverage="100% (2/2)"/>
						<line number="249" hits="1"/>
						<line number="250" hits="1"/>
						<line number="253" hits="1"/>
						<line number="258" hits="1"/>
						<line number="259" hits="1"/>
						<line number="260" hits="1"/>
						<line number="261" hits="1"/>
						<line number="264" hits="1"/>
						<line number="265" hits="1"/>
						<line number="266" hits="1" branch="true" condition-coverage="50% (1/2)" missing-branches="267"/>
						<line number="267" hits="0"/>
						<line number="268" hits="1" branch="true" condition-coverage="100% (2/2)"/>
						<line number="269" hits="1"/>
						<line number="270" hits="1" branch="true" condition-coverage="100% (2/2)"/>
						<line number="271" hits="1"/>
						<line number="272" hits="1" branch="true" condition-coverage="50% (1/2)" missing-branches="273"/>
						<line number="273" hits="0"/>
						<line number="274" hits="1" branch="true" condition-coverage="100% (2/2)"/>
						<line number="275" hits="1"/>
						<line number="276" hits="1" branch="true" condition-coverage="50% (1/2)" missing-branches="277"/>
						<line number="277" hits="0"/>
						<line number="278" hits="1" branch="true" condition-coverage="50% (1/2)" missing-branches="279"/>
						<line number="279" hits="0"/>
						<line number="280" hits="1" branch="true" condition-coverage="50% (1/2)" missing-branches="281"/>
						<line number="281" hits="0"/>
						<line number="282" hits="1"/>
						<line number="285" hits="1"/>
						<line number="286" hits="1"/>
						<line number="296" hits="1"/>
						<line number="297" hits="1" branch="true" condition-coverage="100% (2/2)"/>
						<line number="298" hits="1" branch="true" condition-coverage="100% (2/2)"/>
						<line number="299" hits="1"/>
						<line number="300" hits="1" branch="true" condition-coverage="50% (1/2)" missing-branches="308"/>
						<line number="308" hits="0"/>
						<line number="309" hits="1"/>
						<line number="310" hits="1"/>
						<line number="311" hits="1"/>
						<line number="312" hits="1"/>
						<line number="315" hits="1"/>
						<line number="316" hits="1"/>
						<line number="317" hits="1" branch="true" condition-coverage="50% (1/2)" missing-branches="321"/>
						<line number="318" hits="1"/>
						<line number="321" hits="0"/>
						<line number="331" hits="1"/>
						<line number="332" hits="1"/>
						<line number="333" hits="1" branch="true" condition-coverage="50% (1/2)" missing-branches="335"/>
						<line number="334" hits="1"/>
						<line number="335" hits="0"/>
						<line number="345" hits="1"/>
						<line number="346" hits="1"/>
						<line number="347" hits="1"/>
						<line number="348" hits="1"/>
						<line number="349" hits="1"/>
						<line number="350" hits="1"/>
						<line number="351" hits="1"/>
						<line number="352" hits="1"/>
						<line number="353" hits="1"/>
						<line number="355" hits="1"/>
						<line number="356" hits="1"/>
						<line number="359" hits="1"/>
						<line number="361" hits="1"/>
						<line number="362" hits="1"/>
						<line number="363" hits="1"/>
						<line number="364" hits="1"/>
						<line number="365" hits="1"/>
						<line number="368" hits="1"/>
						<line number="370" hits="1"/>
						<line number="371" hits="1"/>
						<line number="372" hits="1"/>
						<line number="373" hits="1"/>
						<line number="374" hits="1"/>
						<line number="381" hits="1"/>
						<line number="382" hits="1"/>
						<line number="388" hits="0" branch="true" condition-coverage="0% (0/2)" missing-branches="389,391"/>
						<line number="389" hits="0"/>
						<line number="391" hits="0" branch="true" condition-coverage="0% (0/2)" missing-branches="392,394"/>
						<line number="392" hits="0"/>
						<line number="394" hits="0" branch="true" condition-coverage="0% (0/2)" missing-branches="395,397"/>
						<line number="395" hits="0"/>
						<line number="397" hits="0"/>
						<line number="405" hits="0"/>
						<line number="406" hits="0"/>
						<line number="407" hits="0"/>
						<line number="408" hits="0"/>
						<line number="409" hits="0"/>
						<line number="416" hits="1"/>
						<line number="417" hits="1"/>
						<line number="422" hits="0"/>
						<line number="423" hits="0"/>
						<line number="430" hits="1"/>
						<line number="431" hits="1"/>
						<line number="438" hits="0"/>
						<line number="439" hits="0" branch="true" condition-coverage="0% (0/2)" missing-branches="440,442"/>
						<line number="440" hits="0"/>
						<line number="442" hits="0" branch="true" condition-coverage="0% (0/2)" missing-branches="443,444"/>
						<line number="443" hits="0"/>
						<line number="444" hits="0" branch="true" condition-coverage="0% (0/2)" missing-branches="446,450"/>
						<line number="446" hits="0"/>
						<line number="447" hits="0" branch="true" condition-coverage="0% (0/2)" missing-branches="448,449"/>
						<line number="448" hits="0"/>
						<line number="449" hits="0"/>
						<line number="450" hits="0" branch="true" condition-coverage="0% (0/2)" missing-branches="451,452"/>
						<line number="451" hits="0"/>
						<line number="452" hits="0" branch="true" condition-coverage="0% (0/2)" missing-branches="454,460"/>
						<line number="454" hits="0" branch="true" condition-coverage="0% (0/2)" missing-branches="455,459"/>
						<line number="455" hits="0"/>
						<line number="459" hits="0"/>
						<line number="460" hits="0" branch="true" condition-coverage="0% (0/2)" missing-branches="461,465"/>
						<line number="461" hits="0" branch="true" condition-coverage="0% (0/2)" missing-branches="462,463"/>
						<line number="462" hits="0"/>
						<line number="463" hits="0"/>
						<line number="465" hits="0"/>
						<line number="466" hits="0"/>
						<line number="467" hits="0"/>
						<line number="468" hits="0"/>
						<line number="475" hits="1"/>
						<line number="476" hits="1"/>
						<line number="482" hits="0" branch="true" condition-coverage="0% (0/2)" missing-branches="483,485"/>
						<line number="483" hits="0"/>
						<line number="485" hits="0"/>
						<line number="486" hits="0" branch="true" condition-coverage="0% (0/2)" missing-branches="487,489"/>
						<line number="487" hits="0"/>
						<line number="489" hits="0"/>
						<line number="490" hits="0"/>
						<line number="491" hits="0"/>
						<line number="492" hits="0"/>
						<line number="499" hits="1"/>
						<line number="500" hits="1"/>
						<line number="510" hits="0"/>
						<line number="511" hits="0" branch="true" condition-coverage="0% (0/2)" missing-branches="512,513"/>
						<line number="512" hits="0"/>
						<line number="513" hits="0"/>
						<line number="521" hits="0" branch="true" condition-coverage="0% (0/2)" missing-branches="522,524"/>
						<line number="522" hits="0"/>
						<line number="524" hits="0"/>
						<line number="532" hits="0"/>
						<line number="536" hits="0"/>
						<line number="548" hits="1"/>
						<line number="549" hits="1"/>
						<line number="552" hits="1"/>
						<line number="553" hits="1"/>
						<line number="563" hits="1"/>
						<line number="564" hits="1" branch="true" condition-coverage="50% (1/2)" missing-branches="565"/>
						<line number="565" hits="0"/>
						<line number="566" hits="1"/>
						<line number="574" hits="1" branch="true" condition-coverage="100% (2/2)"/>
						<line number="575" hits="1"/>
						<line number="577" hits="1"/>
						<line number="585" hits="1"/>
						<line number="589" hits="1"/>
						<line number="600" hits="1"/>
						<line number="619" hits="1"/>
						<line number="620" hits="1"/>
						<line number="621" hits="1"/>
						<line number="622" hits="1"/>
						<line number="623" hits="1"/>
						<line number="624" hits="1"/>
						<line number="625" hits="1"/>
						<line number="633" hits="0"/>
						<line number="634" hits="0"/>
						<line number="639" hits="1"/>
						<line number="640" hits="1"/>
						<line number="652" hits="1"/>
						<line number="654" hits="1"/>
						<line number="663" hits="1"/>
						<line number="672" hits="1"/>
						<line number="681" hits="1"/>
						<line number="690" hits="1"/>
						<line number="699" hits="1"/>
						<line number="709" hits="1"/>
						<line number="719" hits="1"/>
						<line number="726" hits="1"/>
						<line number="734" hits="1"/>
						<line number="743" hits="1"/>
						<line number="753" hits="1"/>
						<line number="754" hits="1"/>
						<line number="755" hits="1"/>
						<line number="756" hits="1"/>
						<line number="761" hits="1"/>
						<line number="762" hits="1"/>
						<line number="769" hits="1"/>
						<line number="770" hits="1"/>
						<line number="771" hits="1"/>
						<line number="777" hits="1"/>
						<line number="778" hits="1" branch="true" condition-coverage="50% (1/2)" missing-branches="788"/>
						<line number="779" hits="1"/>
						<line number="780" hits="1" branch="true" condition-coverage="50% (1/2)" missing-branches="782"/>
						<line number="781" hits="1"/>
						<line number="782" hits="1"/>
						<line number="788" hits="1"/>
						<line number="789" hits="1"/>
						<line number="790" hits="1"/>
						<line number="793" hits="1"/>
						<line number="794" hits="1"/>
						<line number="798" hits="1"/>
						<line number="815" hits="1" branch="true" condition-coverage="50% (1/2)" missing-branches="816"/>
						<line number="816" hits="0"/>
						<line number="823" hits="1"/>
						<line number="824" hits="1"/>
						<line number="833" hits="1"/>
						<line number="834" hits="1"/>
						<line number="837" hits="1"/>
						<line number="838" hits="1"/>
						<line number="847" hits="1"/>
						<line number="848" hits="1"/>
						<line number="855" hits="1"/>
						<line number="856" hits="1"/>
						<line number="859" hits="1"/>
						<line number="860" hits="1"/>
						<line number="868" hits="1"/>
						<line number="869" hits="1"/>
						<line number="876" hits="1"/>
						<line number="877" hits="1"/>
						<line number="880" hits="1"/>
						<line number="881" hits="1"/>
						<line number="882" hits="1" branch="true" condition-coverage="50% (1/2)" missing-branches="888"/>
						<line number="883" hits="1" branch="true" condition-coverage="100% (2/2)"/>
						<line number="884" hits="1"/>
						<line number="885" hits="1"/>
						<line number="886" hits="1"/>
						<line number="888" hits="0"/>
						<line number="896" hits="1"/>
						<line number="897" hits="1" branch="true" condition-coverage="50% (1/2)" missing-branches="976"/>
						<line number="898" hits="1"/>
						<line number="899" hits="1"/>
						<line number="909" hits="1"/>
						<line number="910" hits="1" branch="true" condition-coverage="100% (2/2)"/>
						<line number="911" hits="1"/>
						<line number="923" hits="1"/>
						<line number="931" hits="1"/>
						<line number="940" hits="1"/>
						<line number="941" hits="1" branch="true" condition-coverage="100% (2/2)"/>
						<line number="942" hits="1" branch="true" condition-coverage="100% (2/2)"/>
						<line number="943" hits="1"/>
						<line number="945" hits="1"/>
						<line number="957" hits="1"/>
						<line number="958" hits="1"/>
						<line number="959" hits="1"/>
						<line number="974" hits="1"/>
						<line number="976" hits="0"/>
						<line number="979" hits="1"/>
						<line number="981" hits="1" branch="true" condition-coverage="50% (1/2)" missing-branches="1084"/>
						<line number="982" hits="1"/>
						<line number="983" hits="1"/>
						<line number="984" hits="1"/>
						<line number="985" hits="1"/>
						<line number="990" hits="1"/>
						<line number="991" hits="1" branch="true" condition-coverage="100% (2/2)"/>
						<line number="992" hits="1" branch="true" condition-coverage="50% (1/2)" missing-branches="993"/>
						<line number="993" hits="0"/>
						<line number="994" hits="0" branch="true" condition-coverage="0% (0/2)" missing-branches="995,997"/>
						<line number="995" hits="0"/>
						<line number="996" hits="0"/>
						<line number="997" hits="0"/>
						<line number="998" hits="1"/>
						<line number="999" hits="1" branch="true" condition-coverage="50% (1/2)" missing-branches="1000"/>
						<line number="1000" hits="0"/>
						<line number="1001" hits="1"/>
						<line number="1002" hits="1" branch="true" condition-coverage="100% (2/2)"/>
						<line number="1003" hits="1"/>
						<line number="1005" hits="1"/>
						<line number="1007" hits="1"/>
						<line number="1008" hits="1" branch="true" condition-coverage="100% (2/2)"/>
						<line number="1009" hits="1"/>
						<line number="1020" hits="1" branch="true" condition-coverage="100% (2/2)"/>
						<line number="1021" hits="1"/>
						<line number="1023" hits="1"/>
						<line number="1030" hits="1"/>
						<line number="1031" hits="1" branch="true" condition-coverage="100% (2/2)"/>
						<line number="1032" hits="1"/>
						<line number="1034" hits="1"/>
						<line number="1041" hits="1"/>
						<line number="1042" hits="1" branch="true" condition-coverage="50% (1/2)" missing-branches="1043"/>
						<line number="1043" hits="0"/>
						<line number="1044" hits="1" branch="true" condition-coverage="100% (2/2)"/>
						<line number="1045" hits="1" branch="true" condition-coverage="100% (2/2)"/>
						<line number="1046" hits="1"/>
						<line number="1047" hits="1" branch="true" condition-coverage="50% (1/2)" missing-branches="1055"/>
						<line number="1048" hits="1"/>
						<line number="1055" hits="1"/>
						<line number="1056" hits="1" branch="true" condition-coverage="50% (1/2)" missing-branches="1059"/>
						<line number="1057" hits="1"/>
						<line number="1059" hits="0"/>
						<line number="1066" hits="1"/>
[...]
						<line number="585" hits="0"/>
						<line number="590" hits="0"/>
						<line number="591" hits="0"/>
						<line number="592" hits="0" branch="true" condition-coverage="0% (0/2)" missing-branches="593,598"/>
						<line number="593" hits="0"/>
						<line number="594" hits="0" branch="true" condition-coverage="0% (0/2)" missing-branches="595,598"/>
						<line number="595" hits="0"/>
						<line number="598" hits="0"/>
						<line number="599" hits="0"/>
						<line number="601" hits="0"/>
						<line number="602" hits="0"/>
						<line number="603" hits="0"/>
						<line number="605" hits="0"/>
						<line number="607" hits="0"/>
						<line number="608" hits="0" branch="true" condition-coverage="0% (0/2)" missing-branches="609,612"/>
						<line number="609" hits="0"/>
						<line number="612" hits="0"/>
						<line number="613" hits="0"/>
						<line number="614" hits="0"/>
						<line number="615" hits="0"/>
						<line number="618" hits="0"/>
						<line number="622" hits="0" branch="true" condition-coverage="0% (0/2)" missing-branches="623,640"/>
						<line number="623" hits="0"/>
						<line number="624" hits="0"/>
						<line number="625" hits="0"/>
						<line number="626" hits="0"/>
						<line number="627" hits="0"/>
						<line number="628" hits="0" branch="true" condition-coverage="0% (0/2)" missing-branches="629,630"/>
						<line number="629" hits="0"/>
						<line number="630" hits="0"/>
						<line number="631" hits="0"/>
						<line number="640" hits="0"/>
						<line number="641" hits="0"/>
						<line number="642" hits="0"/>
						<line number="643" hits="0"/>
						<line number="644" hits="0"/>
						<line number="646" hits="0"/>
						<line number="647" hits="0"/>
						<line number="649" hits="0" branch="true" condition-coverage="0% (0/2)" missing-branches="650,704"/>
						<line number="650" hits="0"/>
						<line number="651" hits="0" branch="true" condition-coverage="0% (0/2)" missing-branches="652,658"/>
						<line number="652" hits="0"/>
						<line number="658" hits="0"/>
						<line number="659" hits="0"/>
						<line number="660" hits="0" branch="true" condition-coverage="0% (0/2)" missing-branches="661,665"/>
						<line number="661" hits="0" branch="true" condition-coverage="0% (0/2)" missing-branches="662,663"/>
						<line number="662" hits="0"/>
						<line number="663" hits="0"/>
						<line number="665" hits="0"/>
						<line number="666" hits="0"/>
						<line number="667" hits="0"/>
						<line number="668" hits="0" branch="true" condition-coverage="0% (0/2)" missing-branches="669,672"/>
						<line number="669" hits="0"/>
						<line number="672" hits="0"/>
						<line number="674" hits="0" branch="true" condition-coverage="0% (0/2)" missing-branches="675,698"/>
						<line number="675" hits="0"/>
						<line number="676" hits="0" branch="true" condition-coverage="0% (0/2)" missing-branches="677,678"/>
						<line number="677" hits="0"/>
						<line number="678" hits="0"/>
						<line number="679" hits="0"/>
						<line number="680" hits="0"/>
						<line number="681" hits="0"/>
						<line number="683" hits="0"/>
						<line number="684" hits="0" branch="true" condition-coverage="0% (0/2)" missing-branches="685,687"/>
						<line number="685" hits="0"/>
						<line number="687" hits="0"/>
						<line number="698" hits="0" branch="true" condition-coverage="0% (0/2)" missing-branches="649,699"/>
						<line number="699" hits="0"/>
						<line number="700" hits="0"/>
						<line number="701" hits="0"/>
						<line number="702" hits="0"/>
						<line number="704" hits="0" branch="true" condition-coverage="0% (0/2)" missing-branches="705,715"/>
						<line number="705" hits="0"/>
						<line number="706" hits="0"/>
						<line number="715" hits="0" branch="true" condition-coverage="0% (0/2)" missing-branches="716,719"/>
						<line number="716" hits="0"/>
						<line number="717" hits="0"/>
						<line number="719" hits="0"/>
						<line number="720" hits="0"/>
						<line number="721" hits="0"/>
						<line number="722" hits="0"/>
						<line number="723" hits="0"/>
						<line number="724" hits="0"/>
						<line number="725" hits="0"/>
						<line number="726" hits="0"/>
						<line number="727" hits="0"/>
						<line number="728" hits="0"/>
						<line number="729" hits="0"/>
						<line number="730" hits="0"/>
						<line number="731" hits="0"/>
						<line number="733" hits="0"/>
						<line number="745" hits="0"/>
						<line number="746" hits="0"/>
						<line number="747" hits="0"/>
						<line number="754" hits="0"/>
						<line number="755" hits="0"/>
						<line number="756" hits="0"/>
						<line number="757" hits="0"/>
						<line number="764" hits="0"/>
						<line number="770" hits="1"/>
						<line number="771" hits="1"/>
						<line number="783" hits="0"/>
						<line number="791" hits="0" branch="true" condition-coverage="0% (0/2)" missing-branches="792,796"/>
						<line number="792" hits="0"/>
						<line number="796" hits="0"/>
						<line number="802" hits="0"/>
						<line number="803" hits="0" branch="true" condition-coverage="0% (0/2)" missing-branches="804,806"/>
						<line number="804" hits="0"/>
						<line number="806" hits="0" branch="true" condition-coverage="0% (0/2)" missing-branches="807,809"/>
						<line number="807" hits="0"/>
						<line number="809" hits="0"/>
						<line number="810" hits="0"/>
						<line number="813" hits="1"/>
						<line number="814" hits="1"/>
						<line number="824" hits="0"/>
						<line number="831" hits="0" branch="true" condition-coverage="0% (0/2)" missing-branches="832,836"/>
						<line number="832" hits="0"/>
						<line number="836" hits="0"/>
						<line number="843" hits="0"/>
						<line number="856" hits="0" branch="true" condition-coverage="0% (0/2)" missing-branches="857,860"/>
						<line number="857" hits="0"/>
						<line number="860" hits="0"/>
						<line number="867" hits="0"/>
						<line number="881" hits="1"/>
						<line number="882" hits="1"/>
						<line number="897" hits="0"/>
						<line number="899" hits="0"/>
						<line number="906" hits="0" branch="true" condition-coverage="0% (0/2)" missing-branches="907,911"/>
						<line number="907" hits="0"/>
						<line number="911" hits="0"/>
						<line number="917" hits="0" branch="true" condition-coverage="0% (0/2)" missing-branches="918,920"/>
						<line number="918" hits="0"/>
						<line number="920" hits="0"/>
						<line number="921" hits="0" branch="true" condition-coverage="0% (0/2)" missing-branches="922,999"/>
						<line number="922" hits="0"/>
						<line number="923" hits="0" branch="true" condition-coverage="0% (0/2)" missing-branches="924,926"/>
						<line number="924" hits="0"/>
						<line number="926" hits="0"/>
						<line number="933" hits="0" branch="true" condition-coverage="0% (0/2)" missing-branches="934,937"/>
						<line number="934" hits="0"/>
						<line number="937" hits="0"/>
						<line number="944" hits="0" branch="true" condition-coverage="0% (0/2)" missing-branches="945,947"/>
						<line number="945" hits="0"/>
						<line number="947" hits="0"/>
						<line number="948" hits="0"/>
						<line number="949" hits="0"/>
						<line number="950" hits="0"/>
						<line number="951" hits="0"/>
						<line number="956" hits="0" branch="true" condition-coverage="0% (0/2)" missing-branches="957,981"/>
						<line number="957" hits="0"/>
						<line number="958" hits="0"/>
						<line number="959" hits="0"/>
						<line number="960" hits="0" branch="true" condition-coverage="0% (0/2)" missing-branches="961,976"/>
						<line number="961" hits="0"/>
						<line number="962" hits="0"/>
						<line number="964" hits="0"/>
						<line number="965" hits="0"/>
						<line number="967" hits="0" branch="true" condition-coverage="0% (0/2)" missing-branches="968,972"/>
						<line number="968" hits="0"/>
						<line number="969" hits="0" branch="true" condition-coverage="0% (0/2)" missing-branches="970,975"/>
						<line number="970" hits="0"/>
						<line number="972" hits="0"/>
						<line number="973" hits="0" branch="true" condition-coverage="0% (0/2)" missing-branches="974,975"/>
						<line number="974" hits="0"/>
						<line number="975" hits="0"/>
						<line number="976" hits="0"/>
						<line number="981" hits="0"/>
						<line number="986" hits="0"/>
						<line number="999" hits="0"/>
					</lines>
				</class>
				<class name="health.py" filename="backend/app/routers/health.py" complexity="0" line-rate="0.6316" branch-rate="1">
					<methods/>
					<lines>
						<line number="6" hits="1"/>
						<line number="8" hits="1"/>
						<line number="9" hits="1"/>
						<line number="10" hits="1"/>
						<line number="11" hits="1"/>
						<line number="13" hits="1"/>
						<line number="14" hits="1"/>
						<line number="16" hits="1"/>
						<line number="19" hits="1"/>
						<line number="20" hits="1"/>
						<line number="31" hits="0"/>
						<line number="33" hits="0"/>
						<line number="34" hits="0"/>
						<line number="35" hits="0"/>
						<line number="36" hits="0"/>
						<line number="38" hits="0"/>
						<line number="45" hits="1"/>
						<line number="46" hits="1"/>
						<line number="53" hits="0"/>
					</lines>
				</class>
				<class name="parameters.py" filename="backend/app/routers/parameters.py" complexity="0" line-rate="0.1657" branch-rate="0">
					<methods/>
					<lines>
						<line number="6" hits="1"/>
						<line number="7" hits="1"/>
						<line number="9" hits="1"/>
						<line number="10" hits="1"/>
						<line number="11" hits="1"/>
						<line number="13" hits="1"/>
						<line number="14" hits="1"/>
						<line number="15" hits="1"/>
						<line number="17" hits="1"/>
						<line number="20" hits="1"/>
						<line number="21" hits="0" branch="true" condition-coverage="0% (0/2)" missing-branches="exit,22"/>
						<line number="22" hits="0"/>
						<line number="28" hits="1"/>
						<line number="33" hits="1"/>
						<line number="38" hits="0"/>
						<line number="40" hits="0"/>
						<line number="41" hits="0" branch="true" condition-coverage="0% (0/2)" missing-branches="42,47"/>
						<line number="42" hits="0"/>
						<line number="47" hits="0"/>
						<line number="48" hits="0"/>
						<line number="49" hits="0"/>
						<line number="50" hits="0"/>
						<line number="51" hits="0"/>
						<line number="54" hits="1"/>
						<line number="55" hits="1"/>
						<line number="64" hits="0"/>
						<line number="65" hits="0" branch="true" condition-coverage="0% (0/2)" missing-branches="66,67"/>
						<line number="66" hits="0"/>
						<line number="67" hits="0" branch="true" condition-coverage="0% (0/2)" missing-branches="68,69"/>
						<line number="68" hits="0"/>
						<line number="69" hits="0" branch="true" condition-coverage="0% (0/2)" missing-branches="70,72"/>
						<line number="70" hits="0"/>
						<line number="72" hits="0"/>
						<line number="75" hits="1"/>
						<line number="76" hits="1"/>
						<line number="81" hits="0"/>
						<line number="82" hits="0" branch="true" condition-coverage="0% (0/2)" missing-branches="83,86"/>
						<line number="83" hits="0"/>
						<line number="86" hits="0"/>
						<line number="89" hits="1"/>
						<line number="90" hits="1"/>
						<line number="96" hits="0"/>
						<line number="97" hits="0" branch="true" condition-coverage="0% (0/2)" missing-branches="98,102"/>
						<line number="98" hits="0"/>
						<line number="102" hits="0"/>
						<line number="103" hits="0"/>
						<line number="108" hits="0" branch="true" condition-coverage="0% (0/2)" missing-branches="109,120"/>
						<line number="109" hits="0"/>
						<line number="114" hits="0" branch="true" condition-coverage="0% (0/2)" missing-branches="115,120"/>
						<line number="115" hits="0"/>
						<line number="120" hits="0" branch="true" condition-coverage="0% (0/2)" missing-branches="121,123"/>
						<line number="121" hits="0"/>
						<line number="123" hits="0"/>
						<line number="124" hits="0"/>
						<line number="125" hits="0"/>
						<line number="126" hits="0"/>
						<line number="129" hits="1"/>
						<line number="130" hits="1"/>
						<line number="135" hits="0"/>
						<line number="136" hits="0" branch="true" condition-coverage="0% (0/2)" missing-branches="137,141"/>
						<line number="137" hits="0"/>
						<line number="141" hits="0"/>
						<line number="142" hits="0"/>
						<line number="143" hits="0"/>
						<line number="146" hits="1"/>
						<line number="147" hits="1"/>
						<line number="152" hits="0"/>
						<line number="153" hits="0" branch="true" condition-coverage="0% (0/2)" missing-branches="154,162"/>
						<line number="154" hits="0"/>
						<line number="156" hits="0"/>
						<line number="157" hits="0" branch="true" condition-coverage="0% (0/2)" missing-branches="158,159"/>
						<line number="158" hits="0"/>
						<line number="159" hits="0"/>
						<line number="160" hits="0"/>
						<line number="162" hits="0"/>
						<line number="163" hits="0"/>
						<line number="166" hits="1"/>
						<line number="167" hits="1"/>
						<line number="172" hits="0"/>
						<line number="174" hits="0" branch="true" condition-coverage="0% (0/2)" missing-branches="175,201"/>
						<line number="175" hits="0"/>
						<line number="176" hits="0" branch="true" condition-coverage="0% (0/2)" missing-branches="177,179"/>
						<line number="177" hits="0"/>
						<line number="179" hits="0"/>
						<line number="180" hits="0"/>
						<line number="182" hits="0"/>
						<line number="187" hits="0" branch="true" condition-coverage="0% (0/2)" missing-branches="188,196"/>
						<line number="188" hits="0"/>
						<line number="193" hits="0" branch="true" condition-coverage="0% (0/2)" missing-branches="194,196"/>
						<line number="194" hits="0"/>
						<line number="196" hits="0" branch="true" condition-coverage="0% (0/2)" missing-branches="197,198"/>
						<line number="197" hits="0"/>
						<line number="198" hits="0"/>
						<line number="199" hits="0"/>
						<line number="201" hits="0"/>
						<line number="202" hits="0"/>
						<line number="205" hits="1"/>
						<line number="206" hits="1"/>
						<line number="211" hits="0" branch="true" condition-coverage="0% (0/2)" missing-branches="212,216"/>
						<line number="212" hits="0"/>
						<line number="215" hits="0"/>
						<line number="216" hits="0"/>
						<line number="219" hits="1"/>
						<line number="220" hits="1"/>
						<line number="228" hits="0" branch="true" condition-coverage="0% (0/2)" missing-branches="229,234"/>
						<line number="229" hits="0"/>
						<line number="234" hits="0"/>
						<line number="235" hits="0"/>
						<line number="236" hits="0"/>
						<line number="237" hits="0"/>
						<line number="239" hits="0"/>
						<line number="240" hits="0"/>
						<line number="244" hits="0"/>
						<line number="245" hits="0"/>
						<line number="246" hits="0"/>
						<line number="247" hits="0"/>
						<line number="248" hits="0"/>
						<line number="249" hits="0"/>
						<line number="251" hits="0"/>
						<line number="252" hits="0"/>
						<line number="253" hits="0" branch="true" condition-coverage="0% (0/2)" missing-branches="254,260"/>
						<line number="254" hits="0"/>
						<line number="260" hits="0"/>
						<line number="261" hits="0"/>
						<line number="262" hits="0"/>
						<line number="263" hits="0"/>
						<line number="264" hits="0"/>
						<line number="266" hits="0"/>
						<line number="267" hits="0"/>
						<line number="268" hits="0"/>
						<line number="270" hits="0" branch="true" condition-coverage="0% (0/2)" missing-branches="271,321"/>
						<line number="271" hits="0" branch="true" condition-coverage="0% (0/2)" missing-branches="272,274"/>
						<line number="272" hits="0"/>
						<line number="274" hits="0"/>
						<line number="275" hits="0"/>
						<line number="276" hits="0"/>
						<line number="277" hits="0"/>
						<line number="280" hits="0"/>
						<line number="283" hits="0"/>
						<line number="286" hits="0"/>
						<line number="287" hits="0"/>
						<line number="289" hits="0" branch="true" condition-coverage="0% (0/2)" missing-branches="290,291"/>
						<line number="290" hits="0"/>
						<line number="291" hits="0" branch="true" condition-coverage="0% (0/2)" missing-branches="292,294"/>
						<line number="292" hits="0"/>
						<line number="294" hits="0"/>
						<line number="296" hits="0"/>
						<line number="297" hits="0" branch="true" condition-coverage="0% (0/2)" missing-branches="298,308"/>
						<line number="298" hits="0"/>
						<line number="299" hits="0"/>
						<line number="300" hits="0"/>
						<line number="301" hits="0"/>
						<line number="302" hits="0"/>
						<line number="303" hits="0"/>
						<line number="304" hits="0"/>
						<line number="305" hits="0"/>
						<line number="306" hits="0"/>
						<line number="308" hits="0"/>
						<line number="319" hits="0"/>
						<line number="321" hits="0"/>
						<line number="323" hits="0"/>
						<line number="328" hits="0" branch="true" condition-coverage="0% (0/2)" missing-branches="329,330"/>
						<line number="329" hits="0"/>
						<line number="330" hits="0"/>
						<line number="332" hits="0"/>
						<line number="333" hits="0"/>
						<line number="334" hits="0"/>
						<line number="335" hits="0"/>
						<line number="336" hits="0"/>
					</lines>
				</class>
				<class name="users.py" filename="backend/app/routers/users.py" complexity="0" line-rate="0.4" branch-rate="0">
					<methods/>
					<lines>
						<line number="6" hits="1"/>
						<line number="8" hits="1"/>
						<line number="9" hits="1"/>
						<line number="10" hits="1"/>
						<line number="12" hits="1"/>
						<line number="13" hits="1"/>
						<line number="14" hits="1"/>
						<line number="15" hits="1"/>
						<line number="17" hits="1"/>
						<line number="20" hits="1"/>
						<line number="23" hits="1"/>
						<line number="25" hits="0"/>
						<line number="28" hits="1"/>
						<line number="30" hits="0"/>
						<line number="33" hits="1"/>
						<line number="34" hits="1"/>
						<line number="46" hits="0"/>
						<line number="50" hits="0" branch="true" condition-coverage="0% (0/2)" missing-branches="51,57"/>
						<line number="51" hits="0"/>
						<line number="57" hits="0"/>
						<line number="64" hits="0"/>
						<line number="65" hits="0"/>
						<line number="66" hits="0"/>
						<line number="68" hits="0"/>
						<line number="71" hits="1"/>
						<line number="72" hits="1"/>
						<line number="84" hits="0"/>
						<line number="85" hits="0"/>
						<line number="88" hits="1"/>
						<line number="89" hits="1"/>
						<line number="100" hits="0"/>
						<line number="102" hits="0" branch="true" condition-coverage="0% (0/2)" missing-branches="103,108"/>
						<line number="103" hits="0"/>
						<line number="108" hits="0"/>
						<line number="111" hits="1"/>
						<line number="112" hits="1"/>
						<line number="124" hits="0"/>
						<line number="126" hits="0" branch="true" condition-coverage="0% (0/2)" missing-branches="127,133"/>
						<line number="127" hits="0"/>
						<line number="133" hits="0"/>
						<line number="135" hits="0" branch="true" condition-coverage="0% (0/2)" missing-branches="136,138"/>
						<line number="136" hits="0"/>
						<line number="138" hits="0" branch="true" condition-coverage="0% (0/2)" missing-branches="139,141"/>
						<line number="139" hits="0"/>
						<line number="141" hits="0"/>
						<line number="142" hits="0"/>
						<line number="144" hits="0"/>
						<line number="147" hits="1"/>
						<line number="148" hits="1"/>
						<line number="156" hits="0"/>
						<line number="158" hits="0" branch="true" condition-coverage="0% (0/2)" missing-branches="159,164"/>
						<line number="159" hits="0"/>
						<line number="164" hits="0"/>
						<line number="165" hits="0"/>
						<line number="167" hits="0"/>
					</lines>
				</class>
			</classes>
		</package>
	</packages>
</coverage>
